[11:12:40] [main/INFO] (FabricLoader/GameProvider) Loading Minecraft 1.20.2 with Fabric Loader 0.14.22
[11:12:40] [main/INFO] (FabricLoader) Loading 55 mods:
	- busting_myths 1.0.0
	- fabric-api 0.89.1+1.20.2
	- fabric-api-base 0.4.32+fce67b32a0
	- fabric-api-lookup-api-v1 1.6.40+fce67b32a0
	- fabric-biome-api-v1 13.0.11+86b12645a0
	- fabric-block-api-v1 1.0.11+73761d2ea0
	- fabric-block-view-api-v2 1.0.0+73761d2ea0
	- fabric-blockrenderlayer-v1 1.1.42+f4b7e424a0
	- fabric-client-tags-api-v1 1.1.3+86b12645a0
	- fabric-command-api-v1 1.2.35+f71b366fa0
	- fabric-command-api-v2 2.2.14+86b12645a0
	- fabric-commands-v0 0.2.52+df3654b3a0
	- fabric-containers-v0 0.1.70+df3654b3a0
	- fabric-content-registries-v0 5.0.3+0ba8e9cea0
	- fabric-convention-tags-v1 1.5.6+f4b7e424a0
	- fabric-crash-report-info-v1 0.2.19+f4b7e424a0
	- fabric-data-generation-api-v1 13.1.0+bbae80faa0
	- fabric-dimensions-v1 2.1.55+b1229956a0
	- fabric-entity-events-v1 1.5.24+f4b7e424a0
	- fabric-events-interaction-v0 0.6.8+daef22a2a0
	- fabric-events-lifecycle-v0 0.2.67+df3654b3a0
	- fabric-game-rule-api-v1 1.0.39+f4b7e424a0
	- fabric-gametest-api-v1 1.2.14+86b12645a0
	- fabric-item-api-v1 2.1.31+43511215a0
	- fabric-item-group-api-v1 4.0.12+f4b7e424a0
	- fabric-key-binding-api-v1 1.0.37+f4b7e424a0
	- fabric-keybindings-v0 0.2.35+df3654b3a0
	- fabric-lifecycle-events-v1 2.2.25+3bafade3a0
	- fabric-loot-api-v2 2.0.1+0ba8e9cea0
	- fabric-message-api-v1 6.0.0+fce67b32a0
	- fabric-mining-level-api-v1 2.1.53+f4b7e424a0
	- fabric-model-loading-api-v1 1.0.4+f4b7e424a0
	- fabric-models-v0 0.4.3+9386d8a7a0
	- fabric-networking-api-v1 3.0.6+69e331e3a0
	- fabric-object-builder-api-v1 12.1.0+b1b4f7b0a0
	- fabric-particles-v1 1.1.3+f4b7e424a0
	- fabric-recipe-api-v1 2.0.3+43511215a0
	- fabric-registry-sync-v0 4.0.1+34a3e0e2a0
	- fabric-renderer-api-v1 3.2.0+2034447ca0
	- fabric-renderer-indigo 1.5.0+2034447ca0
	- fabric-renderer-registries-v1 3.2.47+df3654b3a0
	- fabric-rendering-data-attachment-v1 0.3.38+73761d2ea0
	- fabric-rendering-fluids-v1 3.0.29+f4b7e424a0
	- fabric-rendering-v0 1.1.50+df3654b3a0
	- fabric-rendering-v1 3.0.9+86b12645a0
	- fabric-resource-conditions-api-v1 2.3.8+43511215a0
	- fabric-resource-loader-v0 0.11.10+86b12645a0
	- fabric-screen-api-v1 2.0.10+0ba8e9cea0
	- fabric-screen-handler-api-v1 1.3.36+86b12645a0
	- fabric-sound-api-v1 1.0.13+f4b7e424a0
	- fabric-transfer-api-v1 3.3.7+109a65e5a0
	- fabric-transitive-access-wideners-v1 5.0.2+fce67b32a0
	- fabricloader 0.14.22
	- java 17
	- minecraft 1.20.2
[11:12:40] [main/INFO] (FabricLoader/Mixin) SpongePowered MIXIN Subsystem Version=0.8.5 Source=file:/C:/Users/uri_l/.mcreator/gradle/caches/modules-2/files-2.1/net.fabricmc/sponge-mixin/0.12.5+mixin.0.8.5/8d31fb97c3e0cd7c8dad3441851c523bcfae6d8e/sponge-mixin-0.12.5+mixin.0.8.5.jar Service=Knot/Fabric Env=CLIENT
[11:12:40] [main/INFO] (FabricLoader/Mixin) Loaded Fabric development mappings for mixin remapper!
[11:12:41] [main/INFO] (FabricLoader/Mixin) Compatibility level set to JAVA_17
[11:12:46] [Datafixer Bootstrap/INFO] (Minecraft) 192 Datafixer optimizations took 107 milliseconds
[11:12:48] [Render thread/INFO] (Minecraft) Environment: Environment[accountsHost=https://api.mojang.com, sessionHost=https://sessionserver.mojang.com, servicesHost=https://api.minecraftservices.com, name=PROD]
[11:12:49] [Render thread/ERROR] (Minecraft) Failed to verify authentication
com.mojang.authlib.exceptions.InvalidCredentialsException: Status: 401
	at com.mojang.authlib.exceptions.MinecraftClientHttpException.toAuthenticationException(MinecraftClientHttpException.java:59) ~[authlib-5.0.47.jar:?]
	at com.mojang.authlib.yggdrasil.YggdrasilUserApiService.fetchProperties(YggdrasilUserApiService.java:159) ~[authlib-5.0.47.jar:?]
	at com.mojang.authlib.yggdrasil.YggdrasilUserApiService.<init>(YggdrasilUserApiService.java:53) ~[authlib-5.0.47.jar:?]
	at com.mojang.authlib.yggdrasil.YggdrasilAuthenticationService.createUserApiService(YggdrasilAuthenticationService.java:55) ~[authlib-5.0.47.jar:?]
	at net.minecraft.client.Minecraft.createUserApiService(Minecraft.java:787) ~[minecraft-merged-project-root-1.20.2-loom.mappings.1_20_2.layered+hash.2198-v2.jar:?]
	at net.minecraft.client.Minecraft.<init>(Minecraft.java:451) ~[minecraft-merged-project-root-1.20.2-loom.mappings.1_20_2.layered+hash.2198-v2.jar:?]
	at net.minecraft.client.main.Main.main(Main.java:214) ~[minecraft-merged-project-root-1.20.2-loom.mappings.1_20_2.layered+hash.2198-v2.jar:?]
	at net.fabricmc.loader.impl.game.minecraft.MinecraftGameProvider.launch(MinecraftGameProvider.java:468) ~[fabric-loader-0.14.22.jar:?]
	at net.fabricmc.loader.impl.launch.knot.Knot.launch(Knot.java:74) ~[fabric-loader-0.14.22.jar:?]
	at net.fabricmc.loader.impl.launch.knot.KnotClient.main(KnotClient.java:23) ~[fabric-loader-0.14.22.jar:?]
	at net.fabricmc.devlaunchinjector.Main.main(Main.java:86) ~[dev-launch-injector-0.2.1+build.8.jar:?]
Caused by: com.mojang.authlib.exceptions.MinecraftClientHttpException: Status: 401
	at com.mojang.authlib.minecraft.client.MinecraftClient.readInputStream(MinecraftClient.java:100) ~[authlib-5.0.47.jar:?]
	at com.mojang.authlib.minecraft.client.MinecraftClient.get(MinecraftClient.java:57) ~[authlib-5.0.47.jar:?]
	at com.mojang.authlib.yggdrasil.YggdrasilUserApiService.fetchProperties(YggdrasilUserApiService.java:130) ~[authlib-5.0.47.jar:?]
	... 9 more
[11:12:49] [Render thread/INFO] (Minecraft) Setting user: Player890
[11:12:49] [Render thread/INFO] (BustingMythsMod) Initializing BustingMythsMod
[11:12:49] [Render thread/INFO] (Indigo) [Indigo] Registering Indigo renderer!
[11:12:50] [Render thread/INFO] (Minecraft) Backend library: LWJGL version 3.3.2-snapshot
[11:12:51] [Render thread/INFO] (Minecraft) Reloading ResourceManager: vanilla, fabric (fabric-convention-tags-v1, fabric-transitive-access-wideners-v1, fabric-block-api-v1, fabric-command-api-v2, fabric-resource-conditions-api-v1, fabric-mining-level-api-v1, fabric-models-v0, fabric-item-group-api-v1, fabric-object-builder-api-v1, fabric-sound-api-v1, fabric-api, fabric-renderer-api-v1, fabric-screen-handler-api-v1, fabric-entity-events-v1, fabric-block-view-api-v2, fabric-content-registries-v0, fabric-rendering-v0, fabric-lifecycle-events-v1, fabric-recipe-api-v1, fabric-keybindings-v0, fabric-dimensions-v1, busting_myths, fabric-resource-loader-v0, fabric-api-base, fabric-game-rule-api-v1, fabric-command-api-v1, fabric-rendering-v1, fabric-data-generation-api-v1, fabricloader, fabric-events-interaction-v0, fabric-transfer-api-v1, fabric-key-binding-api-v1, fabric-biome-api-v1, fabric-renderer-indigo, fabric-loot-api-v2, fabric-rendering-fluids-v1, fabric-registry-sync-v0, fabric-item-api-v1, fabric-commands-v0, fabric-networking-api-v1, fabric-renderer-registries-v1, fabric-particles-v1, fabric-client-tags-api-v1, fabric-crash-report-info-v1, fabric-blockrenderlayer-v1, fabric-events-lifecycle-v0, fabric-containers-v0, fabric-message-api-v1, fabric-api-lookup-api-v1, fabric-model-loading-api-v1, fabric-screen-api-v1, fabric-rendering-data-attachment-v1, fabric-gametest-api-v1)
[11:12:51] [Worker-Main-6/INFO] (Minecraft) Found unifont_all_no_pua-15.0.06.hex, loading
[11:12:52] [Render thread/WARN] (Minecraft) Missing sound for event: minecraft:item.goat_horn.play
[11:12:52] [Render thread/WARN] (Minecraft) Missing sound for event: minecraft:entity.goat.screaming.horn_break
[11:12:52] [Render thread/INFO] (Minecraft) OpenAL initialized on device OpenAL Soft on Altavoces (Realtek High Definition Audio)
[11:12:52] [Render thread/INFO] (Minecraft) Sound engine started
[11:12:52] [Render thread/INFO] (Minecraft) Created: 1024x512x4 minecraft:textures/atlas/blocks.png-atlas
[11:12:52] [Render thread/INFO] (Minecraft) Created: 256x256x4 minecraft:textures/atlas/signs.png-atlas
[11:12:52] [Render thread/INFO] (Minecraft) Created: 512x512x4 minecraft:textures/atlas/shield_patterns.png-atlas
[11:12:52] [Render thread/INFO] (Minecraft) Created: 512x512x4 minecraft:textures/atlas/banner_patterns.png-atlas
[11:12:52] [Render thread/INFO] (Minecraft) Created: 1024x1024x4 minecraft:textures/atlas/armor_trims.png-atlas
[11:12:52] [Render thread/INFO] (Minecraft) Created: 256x256x4 minecraft:textures/atlas/chest.png-atlas
[11:12:52] [Render thread/INFO] (Minecraft) Created: 128x64x4 minecraft:textures/atlas/decorated_pot.png-atlas
[11:12:52] [Render thread/INFO] (Minecraft) Created: 512x256x4 minecraft:textures/atlas/shulker_boxes.png-atlas
[11:12:52] [Render thread/INFO] (Minecraft) Created: 512x256x4 minecraft:textures/atlas/beds.png-atlas
[11:12:53] [Render thread/WARN] (Minecraft) Shader rendertype_entity_translucent_emissive could not find sampler named Sampler2 in the specified shader program.
[11:12:53] [Render thread/INFO] (Minecraft) Created: 256x256x0 minecraft:textures/atlas/particles.png-atlas
[11:12:53] [Render thread/INFO] (Minecraft) Created: 256x256x0 minecraft:textures/atlas/paintings.png-atlas
[11:12:53] [Render thread/INFO] (Minecraft) Created: 128x128x0 minecraft:textures/atlas/mob_effects.png-atlas
[11:12:53] [Render thread/INFO] (Minecraft) Created: 1024x512x0 minecraft:textures/atlas/gui.png-atlas
[11:12:53] [IO-Worker-1/INFO] (Minecraft) Could not authorize you against Realms server: Invalid session id
[11:12:53] [IO-Worker-1/ERROR] (Minecraft) Couldn't connect to realms
com.mojang.realmsclient.exception.RealmsServiceException: Realms authentication error with message 'Invalid session id'
	at com.mojang.realmsclient.client.RealmsClient.execute(RealmsClient.java:432) ~[minecraft-merged-project-root-1.20.2-loom.mappings.1_20_2.layered+hash.2198-v2.jar:?]
	at com.mojang.realmsclient.client.RealmsClient.clientCompatible(RealmsClient.java:218) ~[minecraft-merged-project-root-1.20.2-loom.mappings.1_20_2.layered+hash.2198-v2.jar:?]
	at com.mojang.realmsclient.RealmsAvailability.method_52627(RealmsAvailability.java:45) ~[minecraft-merged-project-root-1.20.2-loom.mappings.1_20_2.layered+hash.2198-v2.jar:?]
	at java.util.concurrent.CompletableFuture$AsyncSupply.run(CompletableFuture.java:1768) ~[?:?]
	at java.util.concurrent.ThreadPoolExecutor.runWorker(ThreadPoolExecutor.java:1136) ~[?:?]
	at java.util.concurrent.ThreadPoolExecutor$Worker.run(ThreadPoolExecutor.java:635) ~[?:?]
	at java.lang.Thread.run(Thread.java:833) ~[?:?]
[11:13:05] [Render thread/INFO] (Minecraft) Loaded 7 recipes
[11:13:05] [Render thread/INFO] (Minecraft) Loaded 1271 advancements
[11:13:05] [Render thread/INFO] (BiomeModificationImpl) Applied 0 biome modifications to 0 of 64 new biomes in 1.458 ms
[11:13:05] [Server thread/INFO] (Minecraft) Starting integrated minecraft server version 1.20.2
[11:13:05] [Server thread/INFO] (Minecraft) Generating keypair
[11:13:06] [Server thread/INFO] (Minecraft) Preparing start region for dimension minecraft:overworld
[11:13:08] [Render thread/INFO] (Minecraft) Preparing spawn area: 0%
[11:13:08] [Render thread/INFO] (Minecraft) Preparing spawn area: 0%
[11:13:08] [Render thread/INFO] (Minecraft) Preparing spawn area: 0%
[11:13:08] [Render thread/INFO] (Minecraft) Preparing spawn area: 0%
[11:13:08] [Render thread/INFO] (Minecraft) Preparing spawn area: 4%
[11:13:08] [Render thread/INFO] (Minecraft) Time elapsed: 2421 ms
[11:13:08] [Server thread/INFO] (Minecraft) Changing view distance to 14, from 10
[11:13:08] [Server thread/INFO] (Minecraft) Changing simulation distance to 12, from 0
[11:13:09] [Netty Local Client IO #0/INFO] (ClientPlayNetworkAddon for Player890) Negotiated common packet version 1
[11:13:09] [Netty Server IO #1/INFO] (ServerConfigurationNetworkAddon for Player890) Negotiated common packet version 1
[11:13:09] [Server thread/INFO] (Minecraft) Player890[local:E:d03ba748] logged in with entity id 251 at (9.799968496760574, 65.0, 4.878897100375602)
[11:13:09] [Server thread/INFO] (Minecraft) Player890 joined the game
[11:13:10] [Render thread/INFO] (Minecraft) Loaded 2 advancements
[11:13:22] [Server thread/INFO] (Minecraft) Saving and pausing game...
[11:13:22] [Server thread/INFO] (Minecraft) Saving chunks for level 'ServerLevel[New World]'/minecraft:overworld
[11:13:22] [Server thread/INFO] (Minecraft) Saving chunks for level 'ServerLevel[New World]'/minecraft:the_nether
[11:13:22] [Server thread/INFO] (Minecraft) Saving chunks for level 'ServerLevel[New World]'/minecraft:the_end
[11:13:24] [Server thread/INFO] (Minecraft) Saving and pausing game...
[11:13:24] [Server thread/INFO] (Minecraft) Saving chunks for level 'ServerLevel[New World]'/minecraft:overworld
[11:13:24] [Server thread/INFO] (Minecraft) Saving chunks for level 'ServerLevel[New World]'/minecraft:the_nether
[11:13:24] [Server thread/INFO] (Minecraft) Saving chunks for level 'ServerLevel[New World]'/minecraft:the_end
[11:13:25] [Render thread/INFO] (Minecraft) Stopping!
[11:13:25] [Server thread/INFO] (Minecraft) Player890 lost connection: Disconnected
[11:13:25] [Server thread/INFO] (Minecraft) Player890 left the game
[11:13:25] [Server thread/INFO] (Minecraft) Stopping singleplayer server as player logged out
[11:13:25] [Server thread/INFO] (Minecraft) Stopping server
[11:13:25] [Server thread/INFO] (Minecraft) Saving players
[11:13:25] [Server thread/INFO] (Minecraft) Saving worlds
[11:13:25] [Server thread/INFO] (Minecraft) Saving chunks for level 'ServerLevel[New World]'/minecraft:overworld
[11:13:26] [Server thread/INFO] (Minecraft) Saving chunks for level 'ServerLevel[New World]'/minecraft:the_nether
[11:13:26] [Server thread/INFO] (Minecraft) Saving chunks for level 'ServerLevel[New World]'/minecraft:the_end
[11:13:26] [Server thread/INFO] (Minecraft) ThreadedAnvilChunkStorage (New World): All chunks are saved
[11:13:26] [Server thread/INFO] (Minecraft) ThreadedAnvilChunkStorage (DIM-1): All chunks are saved
[11:13:26] [Server thread/INFO] (Minecraft) ThreadedAnvilChunkStorage (DIM1): All chunks are saved
[11:13:26] [Server thread/INFO] (Minecraft) ThreadedAnvilChunkStorage: All dimensions are saved
